Arguments: 
  /usr/local/bin/node /usr/local/Cellar/yarn/1.15.2/libexec/bin/yarn.js

PATH: 
  /usr/local/bin:/usr/bin:/bin:/usr/sbin:/sbin:/usr/local/share/dotnet:~/.dotnet/tools:/Library/Frameworks/Mono.framework/Versions/Current/Commands

Yarn version: 
  1.15.2

Node version: 
  11.8.0

Platform: 
  darwin x64

Trace: 
  Error: EACCES: permission denied, unlink '/Users/jcs-devnroses/Desktop/Poshy Paws/node_modules/babel-code-frame/node_modules/ansi-styles/license'

npm manifest: 
  {
    "name": "poshypawsapp",
    "version": "1.0.0",
    "description": "My pioneering Nuxt.js project",
    "author": "Jon Selby",
    "private": true,
    "scripts": {
      "dev": "nuxt",
      "build": "nuxt build",
      "start": "nuxt start",
      "generate": "nuxt generate",
      "lint": "eslint --ext .js,.vue --ignore-path .gitignore .",
      "precommit": "npm run lint"
    },
    "dependencies": {
      "@nuxtjs/axios": "^5.3.6",
      "@nuxtjs/dotenv": "^1.3.0",
      "@nuxtjs/pwa": "^2.6.0",
      "cross-env": "^5.2.0",
      "eslint-loader": "^2.1.2",
      "nuxt": "^2.4.0",
      "nuxt-buefy": "^0.3.4",
      "nuxt-property-decorator": "^2.1.3",
      "vue-breakpoints": "^1.1.0",
      "vuex": "^3.1.0",
      "vuex-class": "^0.3.1"
    },
    "devDependencies": {
      "@babel/core": "^7.3.4",
      "@babel/plugin-proposal-decorators": "^7.3.0",
      "@babel/plugin-transform-modules-commonjs": "^7.2.0",
      "@babel/polyfill": "^7.2.5",
      "@babel/preset-typescript": "^7.1.0",
      "@nuxtjs/eslint-config": "^0.0.1",
      "babel-eslint": "^8.2.6",
      "babel-preset-vue": "^2.0.2",
      "babel-preset-vue-app": "^2.0.0",
      "eslint": "^5.15.1",
      "eslint-config-standard": ">=12.0.0",
      "eslint-plugin-import": ">=2.14.0",
      "eslint-plugin-jest": ">=21.24.1",
      "eslint-plugin-node": ">=7.0.1",
      "eslint-plugin-prettier": "2.6.2",
      "eslint-plugin-promise": ">=4.0.1",
      "eslint-plugin-standard": ">=4.0.0",
      "eslint-plugin-vue": "^5.0.0",
      "jsdom": "^13.1.0",
      "jsdom-global": "^3.0.2",
      "node-sass": "^4.11.0",
      "nodemon": "^1.18.9",
      "nuxt-ts": "^2.4.3",
      "nuxt-tslint": "^1.1.0",
      "prettier": "1.14.3",
      "sass-loader": "^7.1.0",
      "ts-loader": "^5.3.3",
      "tslint": "^5.12.1",
      "tslint-config-prettier": "^1.17.0",
      "tslint-plugin-prettier": "^2.0.1",
      "typescript": "^3.2.4",
      "vue-container": "^1.1.1",
      "vue-style-loader": "^4.1.2",
      "vue-template-compiler": "^2.6.3",
      "vue-tslint-loader": "^3.5.6"
    }
  }

yarn manifest: 
  No manifest

Lockfile: 
  No lockfile
